SF:lib/internal/operation_callback_handler.dart
DA:11,16
DA:14,2
DA:15,4
DA:19,1
DA:21,1
DA:22,2
DA:24,1
DA:25,2
DA:26,2
DA:30,1
DA:31,2
DA:33,1
DA:34,2
DA:35,2
DA:39,1
DA:40,2
DA:42,1
DA:43,2
DA:44,2
DA:48,1
DA:49,2
DA:51,1
DA:52,2
DA:53,2
DA:55,1
DA:56,2
DA:57,2
DA:61,1
DA:62,2
DA:64,1
DA:65,2
DA:69,1
DA:70,2
DA:71,2
DA:75,1
DA:76,2
DA:77,2
DA:79,1
DA:80,2
DA:81,2
DA:85,1
DA:86,2
DA:87,2
DA:91,1
DA:92,2
DA:93,2
DA:99,6
DA:101,2
DA:106,16
DA:107,32
DA:111,1
DA:112,2
LF:52
LH:52
end_of_record
SF:lib/internal/operation_manager.dart
DA:20,0
DA:33,0
DA:34,0
DA:35,0
DA:37,0
DA:39,0
DA:41,0
DA:48,0
DA:49,0
DA:50,0
DA:52,0
DA:54,0
DA:56,0
DA:84,15
DA:90,30
DA:91,0
DA:96,0
DA:99,0
DA:100,0
DA:102,0
DA:106,0
DA:107,0
DA:112,0
DA:117,0
DA:118,0
DA:119,0
DA:122,0
DA:126,0
DA:129,0
DA:135,0
DA:137,0
DA:139,0
DA:143,0
DA:144,0
DA:147,0
DA:150,0
DA:152,0
DA:153,0
DA:154,0
DA:156,0
DA:157,0
DA:161,0
DA:163,0
DA:165,0
DA:166,0
DA:168,0
DA:170,0
DA:171,0
DA:172,0
DA:178,0
DA:179,0
DA:183,0
DA:187,0
DA:189,0
DA:191,0
DA:192,0
DA:193,0
DA:194,0
DA:195,0
DA:199,0
DA:201,0
DA:203,0
DA:204,0
DA:206,0
DA:207,0
DA:208,0
DA:209,0
DA:210,0
DA:212,0
DA:215,0
DA:216,0
DA:220,0
DA:222,0
DA:224,0
DA:225,0
DA:227,0
DA:229,0
DA:230,0
DA:231,0
DA:232,0
DA:233,0
DA:235,0
DA:238,0
DA:243,0
DA:244,0
DA:246,0
DA:247,0
DA:249,0
DA:250,0
DA:255,0
DA:256,0
DA:258,0
DA:259,0
DA:261,0
DA:266,0
DA:267,0
DA:268,0
DA:269,0
DA:271,0
DA:275,0
DA:278,0
DA:281,1
DA:282,2
DA:283,2
DA:284,0
DA:285,0
DA:288,2
DA:292,0
DA:293,0
DA:297,0
DA:298,0
DA:299,0
DA:303,0
DA:304,0
DA:306,0
DA:307,0
DA:308,0
DA:312,0
DA:313,0
DA:314,0
DA:316,0
DA:317,0
DA:318,0
DA:319,0
DA:320,0
LF:125
LH:6
end_of_record
SF:lib/internal/native_operation.dart
DA:26,1
DA:31,1
DA:32,1
DA:35,1
DA:36,3
DA:37,2
DA:42,1
DA:43,3
DA:44,2
DA:49,1
DA:50,1
DA:51,2
DA:52,2
DA:57,4
DA:60,4
LF:15
LH:15
end_of_record
SF:lib/models/result.dart
DA:7,2
DA:14,2
DA:15,2
DA:22,1
DA:23,1
DA:30,2
DA:37,2
DA:39,2
DA:50,1
DA:51,2
DA:52,1
DA:53,2
DA:55,3
DA:59,1
DA:60,1
DA:61,2
DA:67,1
DA:68,2
DA:69,2
DA:75,1
DA:76,1
DA:77,1
DA:79,2
DA:83,1
DA:84,2
DA:111,2
DA:119,2
DA:122,1
DA:123,1
DA:127,1
DA:128,1
DA:129,1
DA:130,1
DA:131,1
DA:132,2
DA:133,2
DA:134,1
DA:135,2
DA:139,1
DA:141,1
DA:142,1
DA:143,3
DA:144,4
DA:145,4
DA:146,3
DA:147,1
DA:148,3
DA:150,1
DA:151,1
DA:152,2
DA:154,1
DA:155,0
DA:156,0
DA:158,1
DA:166,1
DA:168,1
DA:169,2
LF:57
LH:55
end_of_record
SF:lib/internal/logger.dart
DA:20,17
DA:27,0
DA:30,16
DA:31,16
DA:34,2
DA:35,2
DA:38,1
DA:39,1
DA:42,1
DA:43,1
DA:46,1
DA:47,1
DA:49,2
DA:52,2
DA:56,2
DA:58,0
DA:63,8
DA:67,2
DA:68,3
DA:70,2
DA:72,1
DA:73,2
DA:76,0
DA:79,0
DA:80,0
DA:88,1
DA:89,4
LF:27
LH:22
end_of_record
SF:lib/internal/commands/send_cpcl_flush_buffer_command.dart
DA:7,4
DA:9,1
LF:2
LH:2
end_of_record
SF:lib/zebra_printer.dart
DA:35,15
DA:40,15
DA:41,30
DA:42,60
DA:43,45
DA:45,45
DA:46,45
DA:49,31
DA:50,2
DA:51,2
DA:52,2
DA:53,3
DA:55,3
DA:63,31
DA:64,2
DA:65,2
DA:66,2
DA:69,31
DA:70,2
DA:71,2
DA:74,31
DA:75,2
DA:76,1
DA:77,2
DA:81,31
DA:82,1
DA:88,0
DA:89,0
DA:90,0
DA:91,0
DA:94,0
DA:95,0
DA:97,0
DA:100,0
DA:101,0
DA:104,0
DA:105,0
DA:107,0
DA:110,0
DA:112,0
DA:113,0
DA:114,0
DA:117,0
DA:118,0
DA:119,0
DA:120,0
DA:125,0
DA:126,0
DA:127,0
DA:128,0
DA:131,0
DA:133,0
DA:136,0
DA:138,0
DA:144,0
DA:145,0
DA:147,0
DA:148,0
DA:150,0
DA:152,0
DA:153,0
DA:155,0
DA:156,0
DA:157,0
DA:159,0
DA:161,0
DA:162,0
DA:164,0
DA:168,0
DA:169,0
DA:170,0
DA:171,0
DA:172,0
DA:174,0
DA:175,0
DA:180,0
DA:181,0
DA:184,0
DA:185,0
DA:187,0
DA:188,0
DA:189,0
DA:194,0
DA:195,0
DA:196,0
DA:197,0
DA:201,0
DA:202,0
DA:203,0
DA:204,0
DA:205,0
DA:206,0
DA:208,0
DA:212,0
DA:213,0
DA:214,0
DA:215,0
DA:216,0
DA:223,0
DA:225,0
DA:226,0
DA:228,0
DA:229,0
DA:230,0
DA:231,0
DA:233,0
DA:235,0
DA:237,0
DA:241,0
DA:242,0
DA:243,0
DA:244,0
DA:246,0
DA:252,0
DA:253,0
DA:256,0
DA:257,0
DA:259,0
DA:260,0
DA:265,0
DA:266,0
DA:267,0
DA:271,0
DA:272,0
DA:273,0
DA:274,0
DA:276,0
DA:280,0
DA:281,0
DA:282,0
DA:289,0
DA:290,0
DA:292,0
DA:294,0
DA:298,0
DA:299,0
DA:300,0
DA:303,0
DA:304,0
DA:305,0
DA:307,0
DA:308,0
DA:313,0
DA:314,0
DA:315,0
DA:319,0
DA:320,0
DA:321,0
DA:322,0
DA:324,0
DA:328,0
DA:329,0
DA:330,0
DA:337,0
DA:339,0
DA:341,0
DA:344,0
DA:352,0
DA:353,0
DA:354,0
DA:356,0
DA:357,0
DA:358,0
DA:365,0
DA:366,0
DA:367,0
DA:368,0
DA:369,0
DA:372,0
DA:373,0
DA:374,0
DA:376,0
DA:377,0
DA:379,0
DA:382,0
DA:383,0
DA:385,0
DA:389,0
DA:390,0
DA:391,0
DA:393,0
DA:394,0
DA:399,0
DA:400,0
DA:401,0
DA:405,0
DA:406,0
DA:407,0
DA:408,0
DA:410,0
DA:414,0
DA:415,0
DA:416,0
DA:425,0
DA:426,0
DA:427,0
DA:430,0
DA:433,0
DA:439,0
DA:442,0
DA:449,0
DA:452,0
DA:454,0
DA:457,0
DA:459,0
DA:461,0
DA:465,0
DA:466,0
DA:472,0
DA:474,0
DA:476,0
DA:480,0
DA:481,0
DA:486,0
DA:488,0
DA:490,0
DA:494,0
DA:495,0
DA:502,0
DA:504,0
DA:506,0
DA:509,0
DA:510,0
DA:517,0
DA:519,0
DA:521,0
DA:524,0
DA:532,1
DA:533,2
DA:536,1
DA:537,1
DA:540,1
DA:541,1
DA:546,1
DA:547,2
DA:549,2
DA:550,0
DA:551,0
DA:552,0
DA:553,0
DA:559,1
DA:560,2
DA:566,0
DA:570,0
DA:573,0
DA:574,0
DA:578,0
DA:579,0
DA:582,0
DA:586,0
DA:587,0
DA:590,0
DA:594,0
DA:595,0
DA:598,0
DA:605,3
DA:608,1
DA:609,2
DA:610,2
DA:611,1
DA:614,1
DA:615,5
DA:616,1
DA:619,1
DA:620,2
DA:621,4
DA:624,1
DA:625,1
DA:626,1
DA:628,1
DA:631,1
DA:635,1
DA:639,6
DA:641,2
DA:642,5
DA:643,1
DA:644,1
DA:649,1
DA:650,1
DA:652,6
DA:653,2
DA:654,1
DA:657,3
DA:658,5
DA:660,1
LF:285
LH:67
end_of_record
SF:lib/zebra_sgd_commands.dart
DA:10,2
DA:11,2
DA:12,3
DA:16,2
DA:17,2
DA:18,2
DA:19,1
DA:20,1
DA:24,1
DA:25,1
DA:26,1
DA:31,1
DA:32,1
DA:35,1
DA:38,2
DA:44,2
DA:46,1
DA:50,2
DA:51,3
DA:55,1
DA:56,0
DA:60,1
DA:61,0
DA:68,1
DA:69,1
DA:70,1
DA:72,1
DA:73,1
DA:74,1
DA:75,1
DA:76,1
LF:31
LH:29
end_of_record
SF:lib/internal/commands/check_connection_command.dart
DA:7,0
DA:9,0
DA:12,0
DA:15,0
DA:16,0
DA:17,0
DA:18,0
DA:20,0
DA:21,0
LF:9
LH:0
end_of_record
SF:lib/internal/commands/printer_command.dart
DA:14,26
LF:1
LH:1
end_of_record
SF:lib/internal/commands/command_factory.dart
DA:28,0
DA:31,0
DA:34,0
DA:37,0
DA:40,0
DA:42,0
DA:45,0
DA:47,0
DA:50,0
DA:52,0
DA:55,0
DA:57,0
DA:60,0
DA:62,0
DA:65,0
DA:67,0
DA:70,0
DA:72,0
DA:75,1
DA:77,1
DA:80,1
DA:83,1
DA:86,1
DA:89,1
DA:92,0
DA:94,0
DA:97,1
DA:99,1
DA:102,1
DA:105,1
DA:108,1
DA:111,1
DA:114,1
DA:116,1
DA:119,1
DA:122,1
DA:125,1
DA:128,1
DA:131,1
DA:134,1
DA:137,1
DA:140,1
DA:143,1
DA:146,1
LF:44
LH:24
end_of_record
SF:lib/internal/commands/get_head_status_command.dart
DA:7,0
DA:9,0
LF:2
LH:0
end_of_record
SF:lib/internal/commands/get_host_status_command.dart
DA:7,0
DA:9,0
LF:2
LH:0
end_of_record
SF:lib/internal/commands/get_language_command.dart
DA:7,0
DA:9,0
LF:2
LH:0
end_of_record
SF:lib/internal/commands/get_media_status_command.dart
DA:7,0
DA:9,0
LF:2
LH:0
end_of_record
SF:lib/internal/commands/get_pause_status_command.dart
DA:7,0
DA:9,0
LF:2
LH:0
end_of_record
SF:lib/internal/commands/get_setting_command.dart
DA:11,0
DA:13,0
DA:14,0
DA:16,0
DA:19,0
DA:20,0
DA:22,0
DA:23,0
DA:24,0
DA:25,0
DA:28,0
DA:29,0
DA:31,0
DA:32,0
LF:14
LH:0
end_of_record
SF:lib/internal/commands/send_calibration_command.dart
DA:7,0
DA:9,0
LF:2
LH:0
end_of_record
SF:lib/internal/commands/send_clear_buffer_command.dart
DA:7,4
DA:9,1
LF:2
LH:2
end_of_record
SF:lib/internal/commands/send_clear_errors_command.dart
DA:7,2
DA:8,2
DA:10,1
LF:3
LH:3
end_of_record
SF:lib/internal/commands/send_command_command.dart
DA:10,13
DA:12,0
DA:13,0
DA:15,0
DA:18,0
DA:19,0
DA:20,0
DA:21,0
DA:23,0
DA:24,0
LF:10
LH:1
end_of_record
SF:lib/internal/commands/send_flush_buffer_command.dart
DA:7,4
DA:9,1
LF:2
LH:2
end_of_record
SF:lib/internal/commands/send_unpause_command.dart
DA:7,0
DA:9,0
LF:2
LH:0
end_of_record
SF:lib/internal/commands/send_zpl_clear_buffer_command.dart
DA:7,4
DA:9,1
LF:2
LH:2
end_of_record
SF:lib/internal/commands/send_cpcl_clear_buffer_command.dart
DA:7,4
DA:9,1
LF:2
LH:2
end_of_record
SF:lib/internal/commands/send_zpl_clear_errors_command.dart
DA:7,4
DA:9,1
LF:2
LH:2
end_of_record
SF:lib/internal/commands/send_cpcl_clear_errors_command.dart
DA:7,4
DA:9,1
LF:2
LH:2
end_of_record
SF:lib/internal/commands/send_zpl_flush_buffer_command.dart
DA:7,4
DA:9,1
LF:2
LH:2
end_of_record
SF:lib/internal/commands/send_set_zpl_mode_command.dart
DA:7,4
DA:9,1
LF:2
LH:2
end_of_record
SF:lib/internal/commands/send_set_cpcl_mode_command.dart
DA:7,4
DA:9,1
LF:2
LH:2
end_of_record
SF:lib/internal/commands/send_clear_alerts_command.dart
DA:7,4
DA:9,1
LF:2
LH:2
end_of_record
SF:lib/internal/parser_util.dart
DA:6,1
DA:9,1
DA:11,1
DA:12,1
DA:15,1
DA:16,2
DA:19,1
DA:20,1
DA:21,1
DA:22,1
DA:23,1
DA:24,1
DA:25,1
DA:30,1
DA:31,1
DA:32,1
DA:33,1
DA:34,1
DA:35,1
DA:36,1
DA:45,1
DA:48,1
DA:50,2
DA:52,1
DA:53,1
DA:54,1
DA:57,1
DA:61,1
DA:62,1
DA:65,2
DA:67,2
DA:75,1
DA:78,1
DA:80,2
DA:82,1
DA:83,1
DA:84,1
DA:87,1
DA:91,2
DA:93,2
DA:101,1
DA:103,1
DA:107,1
DA:110,1
DA:111,1
DA:112,1
DA:113,1
DA:114,1
DA:118,0
DA:121,0
DA:124,0
DA:125,0
DA:126,0
DA:127,0
DA:128,0
DA:129,0
DA:130,0
DA:134,1
DA:137,1
DA:140,1
DA:141,1
DA:142,1
DA:143,1
DA:148,1
DA:149,1
DA:150,1
DA:151,1
DA:160,1
DA:163,1
DA:166,2
DA:171,1
DA:172,1
DA:173,1
DA:182,1
DA:183,1
DA:185,1
DA:188,1
DA:189,1
DA:190,1
DA:191,1
DA:192,1
DA:193,1
DA:194,1
DA:202,1
DA:203,1
DA:205,2
DA:207,1
DA:208,1
DA:215,1
DA:216,1
DA:219,1
DA:220,2
DA:221,3
DA:225,3
LF:94
LH:85
end_of_record
SF:lib/internal/state_change_verifier.dart
DA:15,1
DA:18,1
DA:20,1
DA:21,2
DA:30,1
DA:40,2
DA:43,1
DA:44,1
DA:45,2
DA:46,1
DA:49,2
DA:52,2
DA:53,1
DA:54,2
DA:55,1
DA:56,1
DA:62,2
DA:63,2
DA:66,3
DA:67,1
DA:70,1
DA:71,1
DA:72,2
DA:73,1
DA:76,2
DA:80,1
DA:81,1
DA:82,1
DA:84,1
DA:85,1
DA:89,2
DA:90,1
DA:91,1
DA:99,1
DA:107,1
DA:110,1
DA:111,1
DA:112,1
DA:114,2
DA:121,1
DA:129,1
DA:132,2
DA:141,1
DA:147,2
DA:149,2
DA:150,1
DA:151,1
DA:152,1
DA:157,1
DA:158,2
DA:160,1
DA:162,1
DA:163,1
DA:171,1
DA:173,2
DA:174,1
DA:175,1
DA:176,1
DA:177,1
DA:178,1
LF:60
LH:60
end_of_record
SF:lib/models/printer_readiness.dart
DA:32,1
DA:33,1
DA:34,1
DA:35,1
DA:36,2
DA:38,1
DA:39,1
DA:40,4
DA:41,2
DA:42,2
DA:43,2
DA:44,2
DA:48,1
DA:49,1
DA:50,1
DA:51,1
DA:52,1
DA:53,1
DA:54,1
DA:55,1
DA:56,1
DA:57,1
DA:58,1
DA:59,1
DA:60,1
DA:61,2
DA:62,1
DA:63,1
DA:82,0
DA:98,0
DA:99,0
DA:100,0
DA:101,0
DA:102,0
DA:103,0
DA:104,0
DA:105,0
DA:106,0
DA:107,0
DA:108,0
DA:109,0
DA:113,0
DA:114,0
DA:115,0
DA:116,0
DA:117,0
DA:120,0
DA:123,0
DA:124,0
DA:127,0
DA:128,0
DA:131,0
DA:132,0
DA:134,0
DA:135,0
DA:136,0
DA:137,0
DA:138,0
DA:139,0
DA:140,0
DA:141,0
DA:143,0
DA:144,0
DA:145,0
DA:146,0
DA:150,0
DA:151,0
DA:153,0
DA:154,0
DA:155,0
DA:157,0
DA:158,0
DA:159,0
DA:161,0
DA:162,0
DA:163,0
DA:166,0
DA:169,0
DA:171,0
DA:172,0
DA:173,0
DA:174,0
DA:175,0
DA:176,0
DA:177,0
DA:178,0
DA:179,0
DA:180,0
LF:88
LH:28
end_of_record
SF:lib/models/readiness_options.dart
DA:55,21
DA:75,0
DA:85,1
DA:102,1
DA:115,0
DA:132,0
DA:133,0
DA:134,0
DA:135,0
DA:136,0
DA:137,0
DA:138,0
DA:139,0
DA:140,0
DA:141,0
DA:142,0
DA:143,0
DA:144,0
DA:145,0
DA:146,0
DA:147,0
DA:148,0
DA:151,0
DA:153,0
DA:154,0
DA:155,0
LF:26
LH:3
end_of_record
SF:lib/models/readiness_result.dart
DA:27,0
DA:38,0
DA:41,0
DA:44,0
DA:47,0
DA:53,0
DA:54,0
DA:60,0
DA:64,0
DA:72,0
DA:73,0
DA:74,0
DA:75,0
DA:76,0
DA:77,0
DA:78,0
DA:79,0
DA:82,0
DA:84,0
DA:85,0
DA:86,0
DA:87,0
DA:88,0
LF:23
LH:0
end_of_record
SF:lib/models/zebra_device.dart
DA:4,1
DA:5,1
DA:6,4
DA:8,1
DA:9,5
DA:11,1
DA:12,2
DA:22,2
DA:31,1
DA:32,1
DA:34,2
DA:35,2
DA:36,1
DA:37,1
DA:39,2
DA:40,1
DA:41,3
DA:42,1
DA:44,2
DA:45,1
DA:46,3
DA:47,1
DA:48,1
DA:49,2
DA:52,2
DA:53,1
DA:54,1
DA:55,1
DA:56,1
DA:57,1
DA:58,2
DA:61,2
DA:65,8
DA:68,1
DA:69,2
DA:71,1
DA:72,3
DA:74,2
DA:82,2
DA:83,2
DA:84,2
DA:85,2
DA:86,1
DA:87,1
DA:88,1
LF:45
LH:45
end_of_record
SF:lib/zebra_printer_readiness_manager.dart
DA:25,0
DA:32,0
DA:33,0
DA:34,0
DA:38,0
DA:42,0
DA:43,0
DA:46,0
DA:47,0
DA:48,0
DA:51,0
DA:52,0
DA:56,0
DA:57,0
DA:61,0
DA:62,0
DA:66,0
DA:67,0
DA:71,0
DA:72,0
DA:77,0
DA:78,0
DA:83,0
DA:84,0
DA:87,0
DA:88,0
DA:92,0
DA:93,0
DA:98,0
DA:101,0
DA:102,0
DA:105,0
DA:106,0
DA:107,0
DA:115,0
DA:116,0
DA:118,0
DA:119,0
DA:121,0
DA:122,0
DA:123,0
DA:124,0
DA:125,0
DA:130,0
DA:131,0
DA:133,0
DA:134,0
DA:135,0
DA:136,0
DA:140,0
DA:141,0
DA:142,0
DA:143,0
DA:144,0
DA:145,0
DA:146,0
DA:147,0
DA:148,0
DA:151,0
DA:152,0
DA:153,0
DA:155,0
DA:156,0
DA:157,0
DA:158,0
DA:166,0
DA:168,0
DA:169,0
DA:172,0
DA:173,0
DA:174,0
DA:182,0
DA:183,0
DA:184,0
DA:188,0
DA:189,0
DA:190,0
DA:191,0
DA:194,0
DA:195,0
DA:199,0
DA:200,0
DA:201,0
DA:205,0
DA:210,0
DA:211,0
DA:213,0
DA:214,0
DA:215,0
DA:216,0
DA:218,0
DA:222,0
DA:228,0
DA:229,0
DA:231,0
DA:232,0
DA:233,0
DA:235,0
DA:236,0
DA:237,0
DA:239,0
DA:240,0
DA:241,0
DA:243,0
DA:244,0
DA:245,0
DA:248,0
DA:249,0
DA:250,0
DA:253,0
DA:256,0
DA:257,0
DA:258,0
DA:262,0
DA:267,0
DA:268,0
DA:270,0
DA:271,0
DA:272,0
DA:273,0
DA:274,0
DA:275,0
DA:277,0
DA:280,0
DA:281,0
DA:282,0
DA:286,0
DA:292,0
DA:293,0
DA:295,0
DA:296,0
DA:297,0
DA:299,0
DA:300,0
DA:301,0
DA:303,0
DA:304,0
DA:305,0
DA:307,0
DA:308,0
DA:309,0
DA:312,0
DA:313,0
DA:314,0
DA:317,0
DA:320,0
DA:321,0
DA:322,0
DA:326,0
DA:333,0
DA:334,0
DA:336,0
DA:337,0
DA:339,0
DA:343,0
DA:346,0
DA:347,0
DA:349,0
DA:352,0
DA:353,0
DA:358,0
DA:359,0
DA:363,0
DA:364,0
DA:365,0
DA:367,0
DA:368,0
DA:369,0
DA:370,0
DA:373,0
DA:374,0
DA:375,0
DA:376,0
DA:379,0
DA:382,0
DA:383,0
DA:384,0
DA:388,0
DA:394,0
DA:395,0
DA:397,0
DA:398,0
DA:399,0
DA:406,0
DA:408,0
DA:411,0
DA:413,0
DA:423,0
DA:424,0
DA:428,0
DA:429,0
DA:430,0
DA:431,0
DA:433,0
DA:436,0
DA:437,0
DA:438,0
DA:442,0
DA:451,0
DA:454,0
DA:455,0
DA:457,0
DA:460,0
DA:461,0
DA:465,0
DA:466,0
DA:470,0
DA:471,0
DA:472,0
DA:474,0
DA:475,0
DA:476,0
DA:480,0
DA:489,0
DA:492,0
DA:493,0
DA:495,0
DA:498,0
DA:499,0
DA:503,0
DA:504,0
DA:508,0
DA:509,0
DA:510,0
DA:512,0
DA:513,0
DA:514,0
DA:518,0
DA:519,0
DA:525,0
DA:526,0
DA:528,0
DA:529,0
DA:530,0
DA:531,0
DA:534,0
DA:535,0
DA:536,0
DA:537,0
DA:540,0
DA:541,0
DA:542,0
DA:543,0
DA:546,0
DA:547,0
DA:548,0
DA:549,0
DA:550,0
DA:551,0
DA:552,0
DA:559,0
DA:561,0
DA:562,0
DA:565,0
DA:566,0
DA:569,0
DA:570,0
LF:257
LH:0
end_of_record
SF:lib/zebra_printer_service.dart
DA:20,0
DA:23,0
DA:24,0
DA:27,0
DA:28,0
DA:31,0
DA:32,0
DA:35,0
DA:36,0
DA:38,0
DA:43,0
DA:46,0
DA:49,0
DA:53,0
DA:55,0
DA:56,0
DA:57,0
DA:58,0
DA:61,0
DA:62,0
DA:63,0
DA:64,0
DA:68,0
DA:70,0
DA:71,0
DA:72,0
DA:74,0
DA:75,0
DA:76,0
DA:79,0
DA:80,0
DA:81,0
DA:84,0
DA:87,0
DA:88,0
DA:93,0
DA:94,0
DA:95,0
DA:98,0
DA:101,0
DA:103,0
DA:104,0
DA:105,0
DA:108,0
DA:109,0
DA:110,0
DA:114,0
DA:115,0
DA:116,0
DA:117,0
DA:123,0
DA:124,0
DA:132,0
DA:133,0
DA:134,0
DA:136,0
DA:138,0
DA:140,0
DA:141,0
DA:142,0
DA:145,0
DA:146,0
DA:147,0
DA:148,0
DA:154,0
DA:155,0
DA:165,0
DA:171,0
DA:172,0
DA:173,0
DA:175,0
DA:176,0
DA:177,0
DA:178,0
DA:185,0
DA:186,0
DA:191,0
DA:197,0
DA:198,0
DA:201,0
DA:206,0
DA:207,0
DA:208,0
DA:209,0
DA:210,0
DA:211,0
DA:214,0
DA:221,0
DA:224,0
DA:227,0
DA:228,0
DA:229,0
DA:230,0
DA:231,0
DA:232,0
DA:233,0
DA:237,0
DA:238,0
DA:243,0
DA:245,0
DA:248,0
DA:249,0
DA:252,0
DA:254,0
DA:255,0
DA:256,0
DA:260,0
DA:261,0
DA:262,0
DA:263,0
DA:264,0
DA:271,0
DA:272,0
DA:273,0
DA:276,0
DA:278,0
DA:279,0
DA:280,0
DA:281,0
DA:282,0
DA:284,0
DA:285,0
DA:289,0
DA:290,0
DA:291,0
DA:297,0
DA:298,0
DA:299,0
DA:300,0
DA:306,0
DA:307,0
DA:318,0
DA:327,0
DA:328,0
DA:329,0
DA:331,0
DA:332,0
DA:333,0
DA:339,0
DA:340,0
DA:341,0
DA:342,0
DA:343,0
DA:346,0
DA:347,0
DA:350,0
DA:351,0
DA:354,0
DA:356,0
DA:357,0
DA:358,0
DA:359,0
DA:362,0
DA:363,0
DA:366,0
DA:368,0
DA:372,0
DA:373,0
DA:374,0
DA:376,0
DA:377,0
DA:382,0
DA:387,0
DA:388,0
DA:389,0
DA:390,0
DA:391,0
DA:392,0
DA:395,0
DA:396,0
DA:400,0
DA:403,0
DA:407,0
DA:411,0
DA:412,0
DA:413,0
DA:419,0
DA:420,0
DA:421,0
DA:426,0
DA:430,0
DA:433,0
DA:434,0
DA:435,0
DA:436,0
DA:437,0
DA:441,0
DA:442,0
DA:443,0
DA:444,0
DA:445,0
DA:446,0
DA:450,0
DA:456,0
DA:460,0
DA:463,0
DA:465,0
DA:466,0
DA:469,0
DA:470,0
DA:471,0
DA:472,0
DA:473,0
DA:474,0
DA:475,0
DA:476,0
DA:480,0
DA:483,0
DA:485,0
DA:486,0
DA:493,0
DA:496,0
DA:497,0
DA:500,0
DA:501,0
DA:502,0
DA:503,0
DA:506,0
DA:508,0
DA:509,0
DA:510,0
DA:512,0
DA:513,0
DA:514,0
DA:515,0
DA:522,0
DA:523,0
DA:524,0
DA:530,0
DA:531,0
DA:535,0
DA:536,0
DA:540,0
DA:541,0
DA:542,0
DA:543,0
DA:544,0
DA:545,0
DA:546,0
DA:549,0
DA:559,0
DA:562,0
DA:563,0
DA:568,0
DA:571,0
DA:574,0
DA:576,0
DA:581,0
DA:589,0
DA:593,0
DA:595,0
DA:596,0
DA:597,0
DA:600,0
DA:604,0
DA:605,0
DA:607,0
DA:608,0
DA:609,0
DA:612,0
DA:616,0
DA:617,0
DA:619,0
DA:620,0
DA:621,0
DA:624,0
DA:628,0
DA:629,0
DA:632,0
DA:633,0
DA:638,0
DA:639,0
DA:643,0
DA:644,0
DA:646,0
DA:647,0
DA:648,0
DA:655,0
DA:656,0
DA:659,0
DA:660,0
DA:662,0
DA:663,0
DA:664,0
DA:672,0
DA:673,0
DA:675,0
DA:676,0
DA:677,0
DA:683,0
DA:684,0
DA:685,0
DA:692,0
DA:693,0
DA:694,0
DA:696,0
DA:697,0
DA:698,0
DA:706,0
DA:707,0
DA:709,0
DA:710,0
DA:711,0
DA:718,0
DA:719,0
DA:720,0
DA:722,0
DA:723,0
DA:724,0
DA:732,0
DA:733,0
DA:734,0
DA:738,0
DA:739,0
DA:743,0
DA:744,0
DA:746,0
DA:747,0
DA:754,0
DA:755,0
DA:758,0
DA:761,0
DA:763,0
DA:764,0
DA:766,0
DA:767,0
DA:772,0
DA:773,0
DA:774,0
DA:782,0
DA:783,0
DA:787,0
DA:788,0
DA:789,0
DA:794,0
DA:795,0
DA:796,0
DA:797,0
DA:798,0
DA:799,0
DA:800,0
DA:804,0
DA:805,0
DA:807,0
DA:808,0
DA:815,0
DA:816,0
DA:818,0
DA:819,0
DA:820,0
DA:822,0
DA:823,0
DA:827,0
DA:828,0
DA:829,0
DA:838,0
DA:839,0
DA:841,0
DA:842,0
DA:850,0
DA:853,0
DA:854,0
DA:855,0
DA:859,0
DA:860,0
DA:864,0
DA:867,0
DA:869,0
DA:871,0
DA:872,0
DA:873,0
DA:876,0
DA:878,0
DA:880,0
DA:881,0
DA:882,0
DA:886,0
DA:887,0
DA:896,0
DA:905,0
DA:908,0
DA:917,0
DA:918,0
DA:920,0
DA:921,0
DA:922,0
DA:924,0
DA:925,0
DA:926,0
DA:927,0
DA:928,0
DA:930,0
DA:933,0
DA:936,0
DA:937,0
DA:938,0
DA:939,0
DA:940,0
DA:948,0
DA:949,0
DA:951,0
DA:952,0
DA:959,0
DA:962,0
DA:963,0
DA:967,0
DA:969,0
DA:970,0
DA:971,0
DA:980,0
DA:981,0
DA:983,0
DA:984,0
DA:1001,0
DA:1002,0
DA:1003,0
DA:1005,0
DA:1006,0
DA:1007,0
DA:1014,0
DA:1015,0
DA:1017,0
DA:1018,0
DA:1035,0
DA:1036,0
DA:1037,0
DA:1039,0
DA:1040,0
DA:1041,0
LF:429
LH:0
end_of_record
SF:lib/smart/managers/cache_manager.dart
DA:25,0
DA:26,0
DA:30,0
DA:31,0
DA:32,0
DA:33,0
DA:35,0
DA:36,0
DA:37,0
DA:38,0
DA:41,0
DA:42,0
DA:43,0
DA:44,0
DA:45,0
DA:49,0
DA:50,0
DA:55,0
DA:56,0
DA:57,0
DA:58,0
DA:59,0
DA:63,0
DA:64,0
DA:65,0
DA:66,0
DA:67,0
DA:69,0
DA:70,0
DA:71,0
DA:72,0
DA:75,0
DA:76,0
DA:77,0
DA:78,0
DA:79,0
DA:83,0
DA:84,0
DA:89,0
DA:90,0
DA:92,0
DA:93,0
DA:94,0
DA:95,0
DA:100,0
DA:101,0
DA:102,0
DA:106,0
DA:107,0
DA:108,0
DA:109,0
DA:110,0
DA:111,0
DA:112,0
DA:113,0
DA:114,0
DA:119,0
DA:122,0
DA:123,0
DA:129,0
DA:130,0
DA:131,0
DA:139,0
DA:145,0
DA:146,0
DA:147,0
DA:148,0
DA:153,0
DA:154,0
DA:155,0
DA:156,0
DA:157,0
DA:159,0
DA:160,0
DA:163,0
DA:164,0
DA:165,0
DA:169,0
DA:170,0
DA:171,0
DA:174,0
DA:175,0
DA:176,0
DA:178,0
DA:183,0
DA:184,0
DA:185,0
DA:186,0
DA:187,0
DA:188,0
DA:192,0
DA:193,0
DA:194,0
DA:196,0
DA:197,0
DA:198,0
DA:199,0
DA:204,0
DA:206,0
DA:207,0
DA:208,0
DA:209,0
DA:210,0
DA:211,0
DA:212,0
DA:213,0
DA:214,0
DA:215,0
DA:219,0
DA:220,0
DA:221,0
DA:223,0
DA:228,0
DA:230,0
DA:231,0
DA:233,0
DA:234,0
DA:236,0
DA:237,0
DA:239,0
DA:240,0
DA:241,0
DA:242,0
DA:245,0
DA:246,0
DA:247,0
DA:248,0
DA:251,0
DA:252,0
DA:253,0
DA:254,0
DA:257,0
DA:258,0
DA:259,0
DA:260,0
DA:262,0
DA:265,0
DA:267,0
DA:272,0
DA:273,0
DA:274,0
DA:279,0
DA:280,0
DA:284,0
DA:285,0
DA:286,0
DA:287,0
DA:288,0
DA:290,0
DA:291,0
DA:295,0
DA:296,0
DA:297,0
DA:298,0
DA:299,0
DA:303,0
DA:304,0
DA:305,0
DA:306,0
DA:307,0
DA:309,0
DA:310,0
DA:314,0
DA:315,0
DA:316,0
DA:317,0
DA:318,0
DA:322,0
DA:323,0
DA:328,0
DA:332,0
DA:333,0
DA:334,0
DA:335,0
DA:336,0
DA:337,0
DA:338,0
DA:339,0
DA:341,0
DA:346,0
DA:347,0
DA:348,0
DA:349,0
DA:350,0
DA:352,0
DA:361,0
DA:362,0
LF:187
LH:0
end_of_record
SF:lib/smart/managers/command_manager.dart
DA:9,0
DA:11,0
DA:13,0
DA:15,0
DA:16,0
DA:17,0
DA:19,0
DA:21,0
DA:22,0
DA:23,0
DA:25,0
DA:27,0
DA:28,0
DA:29,0
DA:31,0
DA:34,0
DA:37,0
DA:38,0
LF:18
LH:0
end_of_record
SF:lib/smart/managers/connection_manager.dart
DA:29,0
DA:30,0
DA:33,0
DA:34,0
DA:38,0
DA:40,0
DA:43,0
DA:44,0
DA:45,0
DA:46,0
DA:47,0
DA:48,0
DA:52,0
DA:53,0
DA:54,0
DA:55,0
DA:56,0
DA:57,0
DA:61,0
DA:63,0
DA:64,0
DA:65,0
DA:66,0
DA:67,0
DA:68,0
DA:70,0
DA:71,0
DA:73,0
DA:74,0
DA:77,0
DA:78,0
DA:79,0
DA:84,0
DA:86,0
DA:87,0
DA:90,0
DA:92,0
DA:95,0
DA:96,0
DA:97,0
DA:98,0
DA:100,0
DA:102,0
DA:103,0
DA:108,0
DA:110,0
DA:111,0
DA:114,0
DA:115,0
DA:116,0
DA:117,0
DA:118,0
DA:123,0
DA:124,0
DA:125,0
DA:126,0
DA:127,0
DA:131,0
DA:134,0
DA:135,0
DA:138,0
DA:139,0
DA:143,0
DA:144,0
DA:145,0
DA:146,0
DA:150,0
DA:151,0
DA:153,0
DA:154,0
DA:159,0
DA:160,0
DA:163,0
DA:165,0
DA:167,0
DA:171,0
DA:172,0
DA:173,0
DA:174,0
DA:175,0
DA:176,0
DA:180,0
DA:181,0
DA:185,0
DA:186,0
DA:187,0
DA:188,0
DA:189,0
DA:191,0
DA:192,0
DA:193,0
DA:198,0
DA:200,0
DA:203,0
DA:206,0
DA:208,0
DA:211,0
DA:215,0
DA:221,0
DA:223,0
DA:225,0
DA:227,0
DA:232,0
DA:234,0
DA:237,0
DA:240,0
DA:241,0
DA:244,0
DA:245,0
DA:246,0
DA:248,0
DA:249,0
DA:252,0
DA:253,0
DA:258,0
DA:259,0
DA:260,0
DA:261,0
DA:262,0
DA:267,0
DA:268,0
DA:269,0
DA:271,0
DA:273,0
DA:274,0
DA:276,0
DA:277,0
DA:280,0
DA:283,0
DA:284,0
DA:290,0
DA:292,0
DA:293,0
DA:294,0
DA:295,0
DA:296,0
DA:299,0
DA:305,0
DA:306,0
DA:307,0
DA:308,0
DA:309,0
DA:310,0
DA:311,0
DA:312,0
DA:313,0
DA:314,0
DA:315,0
DA:316,0
DA:317,0
DA:318,0
DA:319,0
DA:325,0
DA:326,0
DA:327,0
DA:328,0
DA:329,0
DA:330,0
DA:331,0
DA:332,0
DA:337,0
DA:338,0
DA:342,0
DA:343,0
DA:344,0
DA:345,0
DA:346,0
DA:347,0
DA:348,0
DA:349,0
DA:350,0
DA:351,0
DA:355,0
DA:356,0
DA:357,0
DA:358,0
DA:359,0
DA:360,0
DA:362,0
DA:365,0
DA:366,0
DA:369,0
DA:375,0
DA:376,0
DA:380,0
DA:381,0
DA:382,0
DA:383,0
DA:387,0
DA:388,0
DA:392,0
DA:393,0
DA:396,0
DA:397,0
DA:403,0
DA:404,0
DA:408,0
DA:409,0
DA:410,0
DA:414,0
DA:415,0
DA:416,0
DA:417,0
DA:418,0
DA:419,0
DA:421,0
DA:423,0
DA:424,0
DA:426,0
DA:427,0
DA:428,0
DA:429,0
DA:434,0
DA:435,0
DA:436,0
LF:215
LH:0
end_of_record
SF:lib/zebra_printer_discovery.dart
DA:18,0
DA:21,0
DA:22,0
DA:25,0
DA:26,0
DA:29,0
DA:32,0
DA:37,0
DA:39,0
DA:40,0
DA:41,0
DA:42,0
DA:45,0
DA:48,0
DA:49,0
DA:51,0
DA:52,0
DA:53,0
DA:54,0
DA:55,0
DA:56,0
DA:58,0
DA:59,0
DA:60,0
DA:67,0
DA:69,0
DA:72,0
DA:73,0
DA:78,0
DA:81,0
DA:82,0
DA:83,0
DA:86,0
DA:89,0
DA:90,0
DA:91,0
DA:92,0
DA:95,0
DA:96,0
DA:97,0
DA:98,0
DA:99,0
DA:100,0
DA:101,0
DA:102,0
DA:106,0
DA:107,0
DA:108,0
DA:110,0
DA:111,0
DA:112,0
DA:113,0
DA:122,0
DA:129,0
DA:132,0
DA:133,0
DA:134,0
DA:137,0
DA:138,0
DA:139,0
DA:140,0
DA:141,0
DA:145,0
DA:149,0
DA:152,0
DA:153,0
DA:154,0
DA:157,0
DA:159,0
DA:160,0
DA:161,0
DA:163,0
DA:167,0
DA:169,0
DA:170,0
DA:172,0
DA:176,0
DA:177,0
DA:183,0
DA:184,0
DA:185,0
DA:191,0
DA:194,0
DA:195,0
DA:196,0
DA:197,0
DA:199,0
DA:201,0
DA:205,0
DA:206,0
DA:207,0
DA:208,0
DA:209,0
DA:217,0
DA:223,0
DA:224,0
DA:225,0
DA:227,0
DA:229,0
DA:234,0
DA:235,0
DA:236,0
DA:237,0
DA:243,0
DA:248,0
DA:251,0
DA:255,0
DA:260,0
DA:261,0
DA:262,0
DA:264,0
DA:267,0
DA:268,0
DA:269,0
DA:275,0
DA:276,0
DA:277,0
DA:278,0
DA:282,0
DA:283,0
DA:285,0
DA:286,0
DA:287,0
DA:289,0
DA:295,0
DA:296,0
DA:297,0
DA:305,0
DA:311,0
DA:314,0
DA:318,0
DA:323,0
DA:324,0
DA:325,0
DA:326,0
DA:327,0
DA:330,0
DA:331,0
DA:332,0
DA:338,0
DA:339,0
DA:340,0
DA:341,0
DA:345,0
DA:346,0
DA:348,0
DA:349,0
DA:350,0
DA:352,0
DA:353,0
DA:358,0
DA:359,0
DA:360,0
DA:368,0
DA:369,0
DA:370,0
DA:371,0
DA:372,0
DA:373,0
DA:377,0
DA:378,0
DA:380,0
DA:384,0
DA:385,0
DA:389,0
DA:390,0
DA:391,0
DA:392,0
DA:393,0
DA:394,0
DA:397,0
DA:404,0
DA:405,0
DA:408,0
DA:409,0
DA:413,0
DA:414,0
DA:418,0
DA:419,0
DA:420,0
DA:425,0
DA:434,0
DA:437,0
DA:446,0
DA:447,0
DA:448,0
DA:449,0
DA:450,0
DA:451,0
DA:452,0
LF:190
LH:0
end_of_record
SF:lib/smart/options/connect_options.dart
DA:10,0
LF:1
LH:0
end_of_record
SF:lib/smart/options/discovery_options.dart
DA:10,1
LF:1
LH:1
end_of_record
SF:lib/smart/managers/health_manager.dart
DA:10,0
DA:13,0
DA:15,0
DA:18,0
DA:20,0
DA:25,0
DA:27,0
DA:31,0
DA:32,0
DA:38,0
DA:39,0
DA:41,0
DA:42,0
DA:45,0
DA:46,0
DA:51,0
DA:52,0
DA:57,0
DA:58,0
DA:59,0
DA:61,0
DA:65,0
DA:69,0
DA:73,0
DA:76,0
DA:82,0
DA:86,0
DA:89,0
DA:95,0
DA:96,0
DA:97,0
DA:100,0
DA:104,0
DA:106,0
DA:108,0
DA:110,0
DA:112,0
DA:116,0
DA:117,0
DA:118,0
DA:119,0
DA:120,0
LF:42
LH:0
end_of_record
SF:lib/smart/managers/print_optimizer.dart
DA:13,0
DA:16,0
DA:18,0
DA:21,0
DA:24,0
DA:25,0
DA:26,0
DA:32,0
DA:35,0
DA:38,0
DA:41,0
DA:43,0
DA:46,0
DA:52,0
DA:54,0
DA:55,0
DA:56,0
DA:57,0
DA:64,0
DA:65,0
DA:70,0
DA:71,0
DA:74,0
DA:80,0
DA:81,0
DA:86,0
DA:87,0
DA:90,0
DA:96,0
DA:98,0
DA:99,0
DA:100,0
DA:101,0
DA:102,0
DA:103,0
DA:110,0
DA:111,0
DA:117,0
DA:120,0
DA:126,0
DA:127,0
DA:133,0
DA:139,0
DA:140,0
DA:147,0
DA:148,0
DA:153,0
DA:156,0
DA:162,0
DA:166,0
DA:169,0
DA:172,0
DA:178,0
DA:182,0
DA:185,0
DA:191,0
DA:196,0
DA:197,0
DA:199,0
DA:200,0
DA:201,0
DA:209,0
DA:214,0
DA:215,0
DA:216,0
DA:220,0
DA:226,0
DA:230,0
DA:232,0
DA:233,0
DA:235,0
DA:236,0
DA:239,0
DA:241,0
DA:242,0
DA:251,0
DA:255,0
DA:257,0
DA:259,0
DA:261,0
DA:269,0
DA:273,0
DA:276,0
DA:282,0
DA:286,0
DA:292,0
DA:293,0
DA:294,0
DA:295,0
DA:296,0
DA:301,0
DA:307,0
DA:308,0
DA:309,0
DA:310,0
DA:314,0
DA:315,0
LF:97
LH:0
end_of_record
SF:lib/smart/managers/reliability_manager.dart
DA:10,0
DA:12,0
DA:14,0
DA:16,0
DA:17,0
DA:21,0
DA:23,0
DA:24,0
LF:8
LH:0
end_of_record
SF:lib/smart/managers/retry_manager.dart
DA:9,0
DA:12,0
DA:21,0
DA:23,0
DA:25,0
DA:29,0
DA:30,0
DA:34,0
DA:35,0
DA:36,0
DA:38,0
DA:39,0
DA:40,0
DA:44,0
DA:45,0
DA:46,0
DA:50,0
LF:17
LH:0
end_of_record
SF:lib/smart/models/zebra_printer_smart_status.dart
DA:11,0
LF:1
LH:0
end_of_record
SF:lib/smart/options/smart_batch_options.dart
DA:9,0
DA:36,0
DA:40,0
DA:42,1
DA:46,0
LF:5
LH:1
end_of_record
SF:lib/smart/options/smart_print_options.dart
DA:39,1
DA:64,0
DA:88,1
DA:112,0
LF:4
LH:2
end_of_record
SF:lib/smart/zebra_printer_smart.dart
DA:54,0
DA:55,0
DA:56,0
DA:57,0
DA:58,0
DA:59,0
DA:60,0
DA:61,0
DA:62,0
DA:63,0
DA:64,0
DA:68,0
DA:69,0
DA:82,0
DA:88,0
DA:89,0
DA:93,0
DA:99,0
DA:101,0
DA:105,0
DA:106,0
DA:107,0
DA:108,0
DA:113,0
DA:116,0
DA:119,0
DA:122,0
DA:123,0
DA:124,0
DA:127,0
DA:128,0
DA:133,0
DA:134,0
DA:135,0
DA:140,0
DA:146,0
DA:147,0
DA:151,0
DA:153,0
DA:157,0
DA:159,0
DA:160,0
DA:161,0
DA:166,0
DA:169,0
DA:171,0
DA:172,0
DA:173,0
DA:177,0
DA:178,0
DA:179,0
DA:184,0
DA:185,0
DA:186,0
DA:190,0
DA:191,0
DA:192,0
DA:196,0
DA:197,0
DA:198,0
DA:202,0
DA:203,0
DA:204,0
DA:205,0
DA:206,0
DA:207,0
DA:208,0
DA:209,0
DA:210,0
DA:219,0
DA:221,0
DA:227,0
DA:228,0
DA:230,0
DA:234,0
DA:235,0
DA:236,0
DA:237,0
DA:245,0
DA:248,0
DA:251,0
DA:253,0
DA:254,0
DA:259,0
DA:261,0
DA:262,0
DA:263,0
DA:267,0
DA:269,0
DA:270,0
DA:271,0
DA:272,0
DA:273,0
DA:274,0
DA:275,0
DA:280,0
DA:281,0
DA:283,0
DA:291,0
DA:292,0
DA:294,0
DA:302,0
DA:308,0
DA:311,0
DA:312,0
DA:313,0
DA:314,0
DA:315,0
DA:320,0
DA:322,0
DA:323,0
DA:327,0
DA:328,0
DA:332,0
DA:333,0
DA:336,0
DA:337,0
DA:344,0
DA:351,0
DA:353,0
DA:354,0
DA:355,0
DA:358,0
DA:359,0
DA:360,0
DA:361,0
DA:365,0
DA:368,0
DA:369,0
DA:370,0
DA:375,0
DA:376,0
DA:380,0
DA:385,0
DA:386,0
DA:389,0
DA:392,0
DA:395,0
DA:399,0
DA:400,0
DA:402,0
DA:403,0
DA:410,0
DA:411,0
DA:412,0
DA:414,0
DA:418,0
DA:419,0
DA:420,0
DA:421,0
DA:422,0
DA:423,0
DA:426,0
DA:427,0
DA:428,0
DA:433,0
DA:434,0
DA:438,0
DA:439,0
DA:440,0
DA:443,0
DA:444,0
DA:453,0
DA:455,0
DA:456,0
DA:457,0
DA:460,0
DA:461,0
DA:462,0
DA:463,0
DA:464,0
DA:470,0
DA:471,0
DA:472,0
DA:474,0
DA:477,0
DA:481,0
DA:482,0
DA:487,0
DA:489,0
DA:490,0
DA:493,0
DA:497,0
DA:498,0
DA:500,0
DA:501,0
LF:186
LH:0
end_of_record
SF:lib/zebra.dart
DA:24,0
DA:30,0
DA:31,0
DA:61,0
DA:67,0
DA:68,0
DA:89,0
DA:95,0
DA:96,0
DA:97,0
DA:109,0
DA:110,0
DA:120,0
DA:122,0
DA:123,0
DA:127,0
DA:129,0
DA:130,0
DA:134,0
DA:135,0
DA:136,0
DA:145,0
DA:149,0
DA:152,0
DA:153,0
DA:161,0
DA:163,0
DA:171,0
DA:175,0
DA:176,0
DA:186,0
DA:195,0
DA:199,0
DA:201,0
DA:216,0
DA:217,0
DA:218,0
DA:224,0
DA:225,0
DA:226,0
DA:232,0
DA:233,0
DA:234,0
DA:241,0
DA:242,0
DA:252,0
DA:258,0
DA:259,0
DA:260,0
DA:266,0
DA:267,0
DA:268,0
DA:274,0
DA:275,0
DA:282,0
DA:283,0
DA:289,0
DA:290,0
DA:296,0
DA:297,0
LF:60
LH:0
end_of_record
